<?xml version="1.0" encoding="UTF-8"?>
<testsuite xmlns:xsi="http://www.w3.org/2001/XMLSchema-instance" xsi:noNamespaceSchemaLocation="https://maven.apache.org/surefire/maven-surefire-plugin/xsd/surefire-test-report.xsd" name="org.example.AppTest" time="0.699" tests="7" errors="0" skipped="0" failures="0">
  <properties>
[...]
</properties>
  <testcase name="baseTest" classname="org.example.AppTest" time="0.03"/>
  <testcase name="testOne" classname="org.example.AppTest" time="0.008"/>
  <testcase name="testSix" classname="org.example.AppTest" time="0.516"/>
  <testcase name="testTwo" classname="org.example.AppTest" time="0.002"/>
  <testcase name="testThree" classname="org.example.AppTest" time="0.008"/>
  <testcase name="testFive" classname="org.example.AppTest" time="0.002"/>
  <testcase name="testFour" classname="org.example.AppTest" time="0.001"/>
</testsuite>