<?xml version="1.0" encoding="UTF-8"?>
<testsuite xmlns:xsi="http://www.w3.org/2001/XMLSchema-instance" xsi:noNamespaceSchemaLocation="https://maven.apache.org/surefire/maven-surefire-plugin/xsd/surefire-test-report.xsd" name="com.testJE.employeeDetails.AppTest" time="1.45" tests="7" errors="0" skipped="0" failures="0">
  <properties>
[...]
</properties>
  <testcase name="baseTest" classname="com.testJE.employeeDetails.AppTest" time="0.264"/>
  <testcase name="testOne" classname="com.testJE.employeeDetails.AppTest" time="0.017"/>
  <testcase name="testSix" classname="com.testJE.employeeDetails.AppTest" time="0.692"/>
  <testcase name="testTwo" classname="com.testJE.employeeDetails.AppTest" time="0.036"/>
  <testcase name="testThree" classname="com.testJE.employeeDetails.AppTest" time="0.023"/>
  <testcase name="testFive" classname="com.testJE.employeeDetails.AppTest" time="0.022"/>
  <testcase name="testFour" classname="com.testJE.employeeDetails.AppTest" time="0.228"/>
</testsuite>